<?xml version="1.0" encoding="UTF-8"?>
<!-- Generated by org.testng.reporters.JUnitReportReporter -->
<testsuite hostname="SEP-14-3-RU1-SEPM-OldServer-W2k12r2-CI" failures="0" tests="16" name="com.io.levelops.configobject.schema.ApplicationEventFilterTest" time="0.003" errors="0" timestamp="17 Dec 2020 12:32:47 GMT">
    <testcase classname="com.io.levelops.configobject.schema.ApplicationEventFilterTest" name="testGetFilterName" time="0.000"/>
    <testcase classname="com.io.levelops.configobject.schema.ApplicationEventFilterTest" name="testGetIncludeApplication" time="0.000"/>
    <testcase classname="com.io.levelops.configobject.schema.ApplicationEventFilterTest" name="testGetTargetName" time="0.000"/>
    <testcase classname="com.io.levelops.configobject.schema.ApplicationEventFilterTest" name="testImportFromElement" time="0.001"/>
    <testcase classname="com.io.levelops.configobject.schema.ApplicationEventFilterTest" name="testGetApplicationName" time="0.000"/>
    <testcase classname="com.io.levelops.configobject.schema.ApplicationEventFilterTest" name="testGetObjectName" time="0.000"/>
    <testcase classname="com.io.levelops.configobject.schema.ApplicationEventFilterTest" name="testGetFilterDate" time="0.000"/>
    <testcase classname="com.io.levelops.configobject.schema.ApplicationEventFilterTest" name="testGetAnyEvent" time="0.001"/>
    <testcase classname="com.io.levelops.configobject.schema.ApplicationEventFilterTest" name="testGetTargetPrefixVariable" time="0.000"/>
    <testcase classname="com.io.levelops.configobject.schema.ApplicationEventFilterTest" name="testExportFromElement" time="0.000"/>
    <testcase classname="com.io.levelops.configobject.schema.ApplicationEventFilterTest" name="testInitByAttributes" time="0.000"/>
    <testcase classname="com.io.levelops.configobject.schema.ApplicationEventFilterTest" name="testDoSerialize" time="0.001"/>
    <testcase classname="com.io.levelops.configobject.schema.ApplicationEventFilterTest" name="testGetApplicationPrefixVariable" time="0.000"/>
    <testcase classname="com.io.levelops.configobject.schema.ApplicationEventFilterTest" name="testGetAnyTarget" time="0.000"/>
    <testcase classname="com.io.levelops.configobject.schema.ApplicationEventFilterTest" name="testGetIncludeTarget" time="0.000"/>
    <testcase classname="com.io.levelops.configobject.schema.ApplicationEventFilterTest" name="testGetAnyApplication" time="0.000"/>
</testsuite> <!-- com.io.levelops.configobject.schema.ApplicationEventFilterTest -->
