<?xml version="1.0" encoding="UTF-8"?>
<testsuite xmlns:xsi="http://www.w3.org/2001/XMLSchema-instance" version="3.0" name="io.levelops.plugins.commons.service.BlueOceanRestClientIntegrationTest" time="0.012" tests="18" errors="0" skipped="18" failures="0">
    <testcase name="testWrongSSL" classname="io.levelops.plugins.commons.service.BlueOceanRestClientIntegrationTest" time="0">
        <skipped/>
    </testcase>
    <testcase name="testGetJobRunUsingLink" classname="io.levelops.plugins.commons.service.BlueOceanRestClientIntegrationTest" time="0">
        <skipped><DependencyFailed/></skipped>
    </testcase>
    <testcase name="testGetJobRunLogUsingLink" classname="io.levelops.plugins.commons.service.BlueOceanRestClientIntegrationTest" time="0">
        <skipped>true</skipped>
    </testcase>
    <testcase name="testHostDoesNotExist" classname="io.levelops.plugins.commons.service.BlueOceanRestClientIntegrationTest" time="0">
        <skipped>JUnitReportTest</skipped>
    </testcase>
</testsuite>